#
# There is insufficient memory for the Java Runtime Environment to continue.
# Native memory allocation (malloc) failed to allocate 1048576 bytes for AllocateHeap
# Possible reasons:
#   The system is out of physical RAM or swap space
#   The process is running with CompressedOops enabled, and the Java Heap may be blocking the growth of the native heap
# Possible solutions:
#   Reduce memory load on the system
#   Increase physical memory or swap space
#   Check if swap backing store is full
#   Decrease Java heap size (-Xmx/-Xms)
#   Decrease number of Java threads
#   Decrease Java thread stack sizes (-Xss)
#   Set larger code cache with -XX:ReservedCodeCacheSize=
#   JVM is running with Unscaled Compressed Oops mode in which the Java heap is
#     placed in the first 4GB address space. The Java Heap base address is the
#     maximum limit for the native heap growth. Please use -XX:HeapBaseMinAddress
#     to set the Java Heap base and to place the Java Heap above 4GB virtual address.
# This output file may be truncated or incomplete.
#
#  Out of Memory Error (./src/hotspot/share/memory/allocation.cpp:46), pid=836, tid=3548
#
# JRE version: OpenJDK Runtime Environment JBR-11.0.13.7-1751.21-jcef (11.0.13+7) (build 11.0.13+7-b1751.21)
# Java VM: OpenJDK 64-Bit Server VM JBR-11.0.13.7-1751.21-jcef (11.0.13+7-b1751.21, mixed mode, tiered, compressed oops, g1 gc, windows-amd64)
# No core dump will be written. Minidumps are not enabled by default on client versions of Windows
#

---------------  S U M M A R Y ------------

Command Line: git4idea.http.GitAskPassApp Username for 'https://github.com': 

Host: Intel(R) Pentium(R) CPU B960 @ 2.20GHz, 2 cores, 1G,  Windows 8 , 64 bit Build 9200 (6.2.9200.16859)
Time: Tue Jan 18 14:35:32 2022 Oeieyiaey (ceia) elapsed time: 0.609075 seconds (0d 0h 0m 0s)

---------------  T H R E A D  ---------------

Current thread (0x0000005130d9c800):  VMThread "VM Thread" [stack: 0x0000005131650000,0x0000005131750000] [id=3548]

Stack: [0x0000005131650000,0x0000005131750000]
[error occurred during error reporting (printing stack bounds), id 0xc0000005, EXCEPTION_ACCESS_VIOLATION (0xc0000005) at pc=0x000000511e3f113d]

Native frames: (J=compiled Java code, j=interpreted, Vv=VM code, C=native code)
V  [jvm.dll+0x613daa]
V  [jvm.dll+0x799b30]
V  [jvm.dll+0x79b14d]
V  [jvm.dll+0x79b785]
V  [jvm.dll+0x79b73b]
V  [jvm.dll+0x612ed4]
V  [jvm.dll+0x613668]
C  [ntdll.dll+0x39b2d]
C  [ntdll.dll+0x3ae04]
C  [ntdll.dll+0x4b7a]
C  0x000000511e3f113d

VM_Operation (0x0000005119f7c460): CollectForMetadataAllocation, mode: safepoint, requested by thread 0x000000511a7ce000


---------------  P R O C E S S  ---------------

Threads class SMR info:
_java_thread_list=0x00000051321e7210, length=10, elements={
0x000000511a7ce000, 0x0000005130dc2800, 0x0000005130dd0000, 0x0000005130e24000,
0x0000005130e25000, 0x0000005130e27800, 0x0000005130e2b800, 0x0000005130e30000,
0x0000005130e44800, 0x000000513220f000
}

Java Threads: ( => current thread )
  0x000000511a7ce000 JavaThread "main" [_thread_blocked, id=64, stack(0x0000005119e80000,0x0000005119f80000)]
  0x0000005130dc2800 JavaThread "Reference Handler" daemon [_thread_blocked, id=1460, stack(0x0000005131750000,0x0000005131850000)]
  0x0000005130dd0000 JavaThread "Finalizer" daemon [_thread_blocked, id=200, stack(0x0000005131850000,0x0000005131950000)]
  0x0000005130e24000 JavaThread "Signal Dispatcher" daemon [_thread_blocked, id=4024, stack(0x0000005131bd0000,0x0000005131cd0000)]
  0x0000005130e25000 JavaThread "Attach Listener" daemon [_thread_blocked, id=4048, stack(0x0000005131cd0000,0x0000005131dd0000)]
  0x0000005130e27800 JavaThread "Service Thread" daemon [_thread_blocked, id=3920, stack(0x0000005131dd0000,0x0000005131ed0000)]
  0x0000005130e2b800 JavaThread "C2 CompilerThread0" daemon [_thread_blocked, id=3232, stack(0x0000005131ed0000,0x0000005131fd0000)]
  0x0000005130e30000 JavaThread "C1 CompilerThread0" daemon [_thread_blocked, id=2524, stack(0x0000005131fd0000,0x00000051320d0000)]
  0x0000005130e44800 JavaThread "Sweeper thread" daemon [_thread_blocked, id=3704, stack(0x00000051324d0000,0x00000051325d0000)]
  0x000000513220f000 JavaThread "Common-Cleaner" daemon [_thread_blocked, id=2636, stack(0x00000051326d0000,0x00000051327d0000)]

Other Threads:
=>0x0000005130d9c800 VMThread "VM Thread" [stack: 0x0000005131650000,0x0000005131750000] [id=3548]
  0x000000513220a800 WatcherThread [stack: 0x00000051325d0000,0x00000051326d0000] [id=2196]
  0x000000511a7e6000 GCTaskThread "GC Thread#0" [stack: 0x000000511a440000,0x000000511a540000] [id=1864]
  0x0000005132230000 GCTaskThread "GC Thread#1" [stack: 0x0000005132dd0000,0x0000005132ed0000] [id=2844]
  0x000000511a7f4800 ConcurrentGCThread "G1 Main Marker" [stack: 0x000000512e630000,0x000000512e730000] [id=3580]
  0x000000511a7f7800 ConcurrentGCThread "G1 Conc#0" [stack: 0x000000512e730000,0x000000512e830000] [id=2008]
  0x000000511a830800 ConcurrentGCThread "G1 Refine#0" [stack: 0x0000005130a50000,0x0000005130b50000] [id=2072]
  0x000000511a831800 ConcurrentGCThread "G1 Young RemSet Sampling" [stack: 0x0000005130b50000,0x0000005130c50000] [id=2988]

Threads with active compile tasks:
C2 CompilerThread0   1048  154 %     4       java.lang.StringLatin1::toUpperCase @ 114 (180 bytes)

VM state:at safepoint (normal execution)

VM Mutex/Monitor currently owned by a thread:  ([mutex/lock_event])
[0x000000511a7c9980] Threads_lock - owner thread: 0x0000005130d9c800
[0x000000511a7ca820] Heap_lock - owner thread: 0x000000511a7ce000

Heap address: 0x00000000e1a00000, size: 486 MB, Compressed Oops mode: 32-bit
Narrow klass base: 0x0000000000000000, Narrow klass shift: 3
Compressed class space size: 1073741824 Address: 0x0000000100000000

Heap:
 garbage-first heap   total 32768K, used 5283K [0x00000000e1a00000, 0x0000000100000000)
  region size 1024K, 1 young (1024K), 1 survivors (1024K)
 Metaspace       used 4719K, capacity 4744K, committed 4864K, reserved 1064960K
  class space    used 407K, capacity 428K, committed 512K, reserved 1048576K
Heap Regions: E=young(eden), S=young(survivor), O=old, HS=humongous(starts), HC=humongous(continues), CS=collection set, F=free, A=archive, TAMS=top-at-mark-start (previous, next)
|   0|0x00000000e1a00000, 0x00000000e1b00000, 0x00000000e1b00000|100%|HS|  |TAMS 0x00000000e1a00000, 0x00000000e1b00000| Complete 
|   1|0x00000000e1b00000, 0x00000000e1c00000, 0x00000000e1c00000|100%|HC|  |TAMS 0x00000000e1b00000, 0x00000000e1c00000| Complete 
|   2|0x00000000e1c00000, 0x00000000e1d00000, 0x00000000e1d00000|100%|HC|  |TAMS 0x00000000e1c00000, 0x00000000e1d00000| Complete 
|   3|0x00000000e1d00000, 0x00000000e1e00000, 0x00000000e1e00000|100%|HC|  |TAMS 0x00000000e1d00000, 0x00000000e1e00000| Complete 
|   4|0x00000000e1e00000, 0x00000000e1e28c00, 0x00000000e1f00000| 15%| O|  |TAMS 0x00000000e1e00000, 0x00000000e1e28c00| Untracked 
|   5|0x00000000e1f00000, 0x00000000e1f00000, 0x00000000e2000000|  0%| F|  |TAMS 0x00000000e1f00000, 0x00000000e1f00000| Untracked 
|   6|0x00000000e2000000, 0x00000000e2000000, 0x00000000e2100000|  0%| F|  |TAMS 0x00000000e2000000, 0x00000000e2000000| Untracked 
|   7|0x00000000e2100000, 0x00000000e2100000, 0x00000000e2200000|  0%| F|  |TAMS 0x00000000e2100000, 0x00000000e2100000| Untracked 
|   8|0x00000000e2200000, 0x00000000e2200000, 0x00000000e2300000|  0%| F|  |TAMS 0x00000000e2200000, 0x00000000e2200000| Untracked 
|   9|0x00000000e2300000, 0x00000000e2300000, 0x00000000e2400000|  0%| F|  |TAMS 0x00000000e2300000, 0x00000000e2300000| Untracked 
|  10|0x00000000e2400000, 0x00000000e2400000, 0x00000000e2500000|  0%| F|  |TAMS 0x00000000e2400000, 0x00000000e2400000| Untracked 
|  11|0x00000000e2500000, 0x00000000e2500000, 0x00000000e2600000|  0%| F|  |TAMS 0x00000000e2500000, 0x00000000e2500000| Untracked 
|  12|0x00000000e2600000, 0x00000000e2600000, 0x00000000e2700000|  0%| F|  |TAMS 0x00000000e2600000, 0x00000000e2600000| Untracked 
|  13|0x00000000e2700000, 0x00000000e2700000, 0x00000000e2800000|  0%| F|  |TAMS 0x00000000e2700000, 0x00000000e2700000| Untracked 
|  14|0x00000000e2800000, 0x00000000e2800000, 0x00000000e2900000|  0%| F|  |TAMS 0x00000000e2800000, 0x00000000e2800000| Untracked 
|  15|0x00000000e2900000, 0x00000000e2900000, 0x00000000e2a00000|  0%| F|  |TAMS 0x00000000e2900000, 0x00000000e2900000| Untracked 
|  16|0x00000000e2a00000, 0x00000000e2a00000, 0x00000000e2b00000|  0%| F|  |TAMS 0x00000000e2a00000, 0x00000000e2a00000| Untracked 
|  17|0x00000000e2b00000, 0x00000000e2b00000, 0x00000000e2c00000|  0%| F|  |TAMS 0x00000000e2b00000, 0x00000000e2b00000| Untracked 
|  18|0x00000000e2c00000, 0x00000000e2c00000, 0x00000000e2d00000|  0%| F|  |TAMS 0x00000000e2c00000, 0x00000000e2c00000| Untracked 
|  19|0x00000000e2d00000, 0x00000000e2d00000, 0x00000000e2e00000|  0%| F|  |TAMS 0x00000000e2d00000, 0x00000000e2d00000| Untracked 
|  20|0x00000000e2e00000, 0x00000000e2e00000, 0x00000000e2f00000|  0%| F|  |TAMS 0x00000000e2e00000, 0x00000000e2e00000| Untracked 
|  21|0x00000000e2f00000, 0x00000000e2f00000, 0x00000000e3000000|  0%| F|  |TAMS 0x00000000e2f00000, 0x00000000e2f00000| Untracked 
|  22|0x00000000e3000000, 0x00000000e3000000, 0x00000000e3100000|  0%| F|  |TAMS 0x00000000e3000000, 0x00000000e3000000| Untracked 
|  23|0x00000000e3100000, 0x00000000e3100000, 0x00000000e3200000|  0%| F|  |TAMS 0x00000000e3100000, 0x00000000e3100000| Untracked 
|  24|0x00000000e3200000, 0x00000000e3200000, 0x00000000e3300000|  0%| F|  |TAMS 0x00000000e3200000, 0x00000000e3200000| Untracked 
|  25|0x00000000e3300000, 0x00000000e3300000, 0x00000000e3400000|  0%| F|  |TAMS 0x00000000e3300000, 0x00000000e3300000| Untracked 
|  26|0x00000000e3400000, 0x00000000e3400000, 0x00000000e3500000|  0%| F|  |TAMS 0x00000000e3400000, 0x00000000e3400000| Untracked 
|  27|0x00000000e3500000, 0x00000000e3500000, 0x00000000e3600000|  0%| F|  |TAMS 0x00000000e3500000, 0x00000000e3500000| Untracked 
|  28|0x00000000e3600000, 0x00000000e3700000, 0x00000000e3700000|100%| S|CS|TAMS 0x00000000e3600000, 0x00000000e3600000| Complete 
|  29|0x00000000e3700000, 0x00000000e3700000, 0x00000000e3800000|  0%| F|  |TAMS 0x00000000e3700000, 0x00000000e3700000| Untracked 
|  30|0x00000000e3800000, 0x00000000e3800000, 0x00000000e3900000|  0%| F|  |TAMS 0x00000000e3800000, 0x00000000e3800000| Untracked 
|  31|0x00000000e3900000, 0x00000000e3900000, 0x00000000e3a00000|  0%| F|  |TAMS 0x00000000e3900000, 0x00000000e3900000| Untracked 

Card table byte_map: [0x000000512d4f0000,0x000000512d5f0000] _byte_map_base: 0x000000512cde3000

Marking Bits (Prev, Next): (CMBitMap*) 0x000000511a7f1e98, (CMBitMap*) 0x000000511a7f1ed0
 Prev Bits: [0x000000512d6f0000, 0x000000512de88000)
 Next Bits: [0x000000512de90000, 0x000000512e628000)

Polling page: 0x00000051186b0000

Metaspace:

Usage:
  Non-class:      4.21 MB capacity,     4.21 MB (>99%) used,     3.24 KB ( <1%) free+waste,   704 bytes ( <1%) overhead. 
      Class:    428.00 KB capacity,   407.05 KB ( 95%) used,    20.45 KB (  5%) free+waste,   512 bytes ( <1%) overhead. 
       Both:      4.63 MB capacity,     4.61 MB (>99%) used,    23.69 KB ( <1%) free+waste,     1.19 KB ( <1%) overhead. 

Virtual space:
  Non-class space:       16.00 MB reserved,       4.25 MB ( 27%) committed 
      Class space:        1.00 GB reserved,     512.00 KB ( <1%) committed 
             Both:        1.02 GB reserved,       4.75 MB ( <1%) committed 

Chunk freelists:
   Non-Class:  36.00 KB
       Class:  20.00 KB
        Both:  56.00 KB

MaxMetaspaceSize: 17179869184.00 GB
CompressedClassSpaceSize: 1.00 GB
Initial GC threshold: 20.80 MB
Current GC threshold: 21.12 MB
CDS: off

CodeHeap 'non-profiled nmethods': size=120064Kb used=37Kb max_used=37Kb free=120026Kb
 bounds [0x0000005125eb0000, 0x0000005126120000, 0x000000512d3f0000]
CodeHeap 'profiled nmethods': size=120000Kb used=228Kb max_used=228Kb free=119772Kb
 bounds [0x000000511e980000, 0x000000511ebf0000, 0x0000005125eb0000]
CodeHeap 'non-nmethods': size=5696Kb used=1056Kb max_used=1068Kb free=4639Kb
 bounds [0x000000511e3f0000, 0x000000511e660000, 0x000000511e980000]
 total_blobs=449 nmethods=160 adapters=203
 compilation: enabled
              stopped_count=0, restarted_count=0
 full_count=0

Compilation events (20 events):
Event: 0.432 Thread 0x0000005130e30000  153       3       java.lang.String::toUpperCase (29 bytes)
Event: 0.432 Thread 0x0000005130e30000 nmethod 153 0x000000511e9b4e10 code [0x000000511e9b4fe0, 0x000000511e9b5278]
Event: 0.433 Thread 0x0000005130e2b800 nmethod 151 0x0000005125eb8f90 code [0x0000005125eb9120, 0x0000005125eb91f8]
Event: 0.433 Thread 0x0000005130e2b800  147       4       java.lang.StringLatin1::canEncode (13 bytes)
Event: 0.433 Thread 0x0000005130e2b800 nmethod 147 0x0000005125eb9310 code [0x0000005125eb94a0, 0x0000005125eb94f8]
Event: 0.433 Thread 0x0000005130e2b800  154 %     4       java.lang.StringLatin1::toUpperCase @ 114 (180 bytes)
Event: 0.434 Thread 0x0000005130e30000  155       3       java.lang.StringCoding::decodeUTF8 (45 bytes)
Event: 0.435 Thread 0x0000005130e30000 nmethod 155 0x000000511e9b5390 code [0x000000511e9b55a0, 0x000000511e9b5a18]
Event: 0.436 Thread 0x0000005130e30000  157       3       java.lang.String::startsWith (138 bytes)
Event: 0.437 Thread 0x0000005130e30000 nmethod 157 0x000000511e9b5b90 code [0x000000511e9b5dc0, 0x000000511e9b6778]
Event: 0.437 Thread 0x0000005130e30000  158       3       java.lang.String::endsWith (15 bytes)
Event: 0.437 Thread 0x0000005130e30000 nmethod 158 0x000000511e9b6a90 code [0x000000511e9b6c80, 0x000000511e9b6fa8]
Event: 0.444 Thread 0x0000005130e30000  159       3       java.lang.StringUTF16::getChar (60 bytes)
Event: 0.445 Thread 0x0000005130e30000 nmethod 159 0x000000511e9b7190 code [0x000000511e9b7340, 0x000000511e9b7498]
Event: 0.445 Thread 0x0000005130e30000  160       3       java.lang.StringUTF16::length (5 bytes)
Event: 0.445 Thread 0x0000005130e30000 nmethod 160 0x000000511e9b7590 code [0x000000511e9b7740, 0x000000511e9b7838]
Event: 0.445 Thread 0x0000005130e30000  161       3       java.lang.String::checkBoundsBeginEnd (60 bytes)
Event: 0.446 Thread 0x0000005130e30000 nmethod 161 0x000000511e9b7910 code [0x000000511e9b7be0, 0x000000511e9b8718]
Event: 0.446 Thread 0x0000005130e30000  162       3       java.lang.StringUTF16::indexOfCharUnsafe (30 bytes)
Event: 0.446 Thread 0x0000005130e30000 nmethod 162 0x000000511e9b8b90 code [0x000000511e9b8d40, 0x000000511e9b8f38]

GC Heap History (2 events):
Event: 0.447 GC heap before
{Heap before GC invocations=0 (full 0):
 garbage-first heap   total 32768K, used 6144K [0x00000000e1a00000, 0x0000000100000000)
  region size 1024K, 3 young (3072K), 0 survivors (0K)
 Metaspace       used 4719K, capacity 4744K, committed 4864K, reserved 1062912K
  class space    used 407K, capacity 428K, committed 512K, reserved 1048576K
}
Event: 0.450 GC heap after
{Heap after GC invocations=1 (full 0):
 garbage-first heap   total 32768K, used 5283K [0x00000000e1a00000, 0x0000000100000000)
  region size 1024K, 1 young (1024K), 1 survivors (1024K)
 Metaspace       used 4719K, capacity 4744K, committed 4864K, reserved 1062912K
  class space    used 407K, capacity 428K, committed 512K, reserved 1048576K
}

Deoptimization events (20 events):
Event: 0.436 Thread 0x000000511a7ce000 DEOPT PACKING pc=0x000000511e9aa250 sp=0x0000005119f7cbd0
Event: 0.436 Thread 0x000000511a7ce000 DEOPT UNPACKING pc=0x000000511e43a93f sp=0x0000005119f7c058 mode 0
Event: 0.436 Thread 0x000000511a7ce000 DEOPT PACKING pc=0x000000511e9aa250 sp=0x0000005119f7cbd0
Event: 0.436 Thread 0x000000511a7ce000 DEOPT UNPACKING pc=0x000000511e43a93f sp=0x0000005119f7c058 mode 0
Event: 0.440 Thread 0x000000511a7ce000 DEOPT PACKING pc=0x000000511e9aa250 sp=0x0000005119f7cbe0
Event: 0.440 Thread 0x000000511a7ce000 DEOPT UNPACKING pc=0x000000511e43a93f sp=0x0000005119f7c068 mode 0
Event: 0.440 Thread 0x000000511a7ce000 DEOPT PACKING pc=0x000000511e9aa250 sp=0x0000005119f7cbe0
Event: 0.440 Thread 0x000000511a7ce000 DEOPT UNPACKING pc=0x000000511e43a93f sp=0x0000005119f7c068 mode 0
Event: 0.440 Thread 0x000000511a7ce000 DEOPT PACKING pc=0x000000511e9aa250 sp=0x0000005119f7cbe0
Event: 0.440 Thread 0x000000511a7ce000 DEOPT UNPACKING pc=0x000000511e43a93f sp=0x0000005119f7c068 mode 0
Event: 0.440 Thread 0x000000511a7ce000 DEOPT PACKING pc=0x000000511e9aa250 sp=0x0000005119f7cbe0
Event: 0.440 Thread 0x000000511a7ce000 DEOPT UNPACKING pc=0x000000511e43a93f sp=0x0000005119f7c068 mode 0
Event: 0.440 Thread 0x000000511a7ce000 DEOPT PACKING pc=0x000000511e9aa250 sp=0x0000005119f7cbe0
Event: 0.440 Thread 0x000000511a7ce000 DEOPT UNPACKING pc=0x000000511e43a93f sp=0x0000005119f7c068 mode 0
Event: 0.440 Thread 0x000000511a7ce000 DEOPT PACKING pc=0x000000511e9aa250 sp=0x0000005119f7cbe0
Event: 0.440 Thread 0x000000511a7ce000 DEOPT UNPACKING pc=0x000000511e43a93f sp=0x0000005119f7c068 mode 0
Event: 0.441 Thread 0x000000511a7ce000 DEOPT PACKING pc=0x000000511e9aa250 sp=0x0000005119f7cbe0
Event: 0.441 Thread 0x000000511a7ce000 DEOPT UNPACKING pc=0x000000511e43a93f sp=0x0000005119f7c068 mode 0
Event: 0.441 Thread 0x000000511a7ce000 DEOPT PACKING pc=0x000000511e9aa250 sp=0x0000005119f7cbe0
Event: 0.441 Thread 0x000000511a7ce000 DEOPT UNPACKING pc=0x000000511e43a93f sp=0x0000005119f7c068 mode 0

Classes redefined (0 events):
No events

Internal exceptions (0 events):
No events

Events (20 events):
Event: 0.359 loading class git4idea/GitAppUtil
Event: 0.359 loading class git4idea/GitAppUtil done
Event: 0.361 loading class java/lang/IllegalStateException
Event: 0.361 loading class java/lang/IllegalStateException done
Event: 0.361 loading class org/apache/xmlrpc/XmlRpcException
Event: 0.361 loading class org/apache/xmlrpc/XmlRpcException done
Event: 0.443 loading class java/io/IOException
Event: 0.443 loading class java/io/IOException done
Event: 0.444 loading class java/lang/ProcessEnvironment
Event: 0.444 loading class java/lang/ProcessEnvironment done
Event: 0.444 Executing VM operation: Deoptimize
Event: 0.444 Executing VM operation: Deoptimize done
Event: 0.444 loading class java/lang/ProcessEnvironment$NameComparator
Event: 0.444 loading class java/lang/ProcessEnvironment$NameComparator done
Event: 0.444 loading class java/lang/ProcessEnvironment$EntryComparator
Event: 0.444 loading class java/lang/ProcessEnvironment$EntryComparator done
Event: 0.446 loading class java/util/TreeMap
Event: 0.446 loading class java/util/NavigableMap
Event: 0.446 loading class java/util/SortedMap
Event: 0.447 Executing VM operation: CollectForMetadataAllocation


Dynamic libraries:
0x000007f65b140000 - 0x000007f65b14a000 	D:\IntelliJ IDEA 2021.3.1\jbr\bin\java.exe
0x000007fe2c9b0000 - 0x000007fe2cb6d000 	C:\Windows\SYSTEM32\ntdll.dll
0x000007fe2b0e0000 - 0x000007fe2b217000 	C:\Windows\system32\KERNEL32.DLL
0x000007fe29c30000 - 0x000007fe29d24000 	C:\Windows\system32\KERNELBASE.dll
0x000007fe21710000 - 0x000007fe21729000 	D:\IntelliJ IDEA 2021.3.1\jbr\bin\jli.dll
0x000007fe26b30000 - 0x000007fe26b47000 	D:\IntelliJ IDEA 2021.3.1\jbr\bin\VCRUNTIME140.dll
0x000007fe28770000 - 0x000007fe28774000 	C:\Windows\SYSTEM32\api-ms-win-crt-stdio-l1-1-0.dll
0x000007fe26b10000 - 0x000007fe26b14000 	C:\Windows\SYSTEM32\api-ms-win-crt-runtime-l1-1-0.dll
0x000007fe26af0000 - 0x000007fe26af3000 	C:\Windows\SYSTEM32\api-ms-win-crt-environment-l1-1-0.dll
0x000007fe26ad0000 - 0x000007fe26ad5000 	C:\Windows\SYSTEM32\api-ms-win-crt-math-l1-1-0.dll
0x000007fe26470000 - 0x000007fe26473000 	C:\Windows\SYSTEM32\api-ms-win-crt-locale-l1-1-0.dll
0x000007fe26aa0000 - 0x000007fe26aa3000 	C:\Windows\SYSTEM32\api-ms-win-crt-heap-l1-1-0.dll
0x000007fe274c0000 - 0x000007fe2772a000 	C:\Windows\WinSxS\amd64_microsoft.windows.common-controls_6595b64144ccf1df_6.0.9200.17359_none_4188b989718cf1c6\COMCTL32.dll
0x000007fe2add0000 - 0x000007fe2af1c000 	C:\Windows\system32\USER32.dll
0x000007fe26ac0000 - 0x000007fe26ac3000 	C:\Windows\SYSTEM32\api-ms-win-crt-filesystem-l1-1-0.dll
0x000007fe26b20000 - 0x000007fe26b24000 	C:\Windows\SYSTEM32\api-ms-win-crt-string-l1-1-0.dll
0x000007fe26b00000 - 0x000007fe26b04000 	C:\Windows\SYSTEM32\api-ms-win-crt-convert-l1-1-0.dll
0x000007fe2b390000 - 0x000007fe2b435000 	C:\Windows\system32\msvcrt.dll
0x000007fe2af20000 - 0x000007fe2b061000 	C:\Windows\system32\GDI32.dll
0x000007fe21480000 - 0x000007fe21572000 	C:\Windows\SYSTEM32\ucrtbase.DLL
0x000007fe29f00000 - 0x000007fe29f39000 	C:\Windows\system32\IMM32.DLL
0x000007fe2aae0000 - 0x000007fe2abf5000 	C:\Windows\system32\MSCTF.dll
0x000007fe1d140000 - 0x000007fe1d1dd000 	D:\IntelliJ IDEA 2021.3.1\jbr\bin\msvcp140.dll
0x000007fe259f0000 - 0x000007fe259f5000 	C:\Windows\SYSTEM32\api-ms-win-crt-multibyte-l1-1-0.dll
0x000007fe26ab0000 - 0x000007fe26ab3000 	C:\Windows\SYSTEM32\api-ms-win-crt-time-l1-1-0.dll
0x000007fe26ae0000 - 0x000007fe26ae3000 	C:\Windows\SYSTEM32\api-ms-win-crt-utility-l1-1-0.dll
0x000007fe17f80000 - 0x000007fe18af6000 	D:\IntelliJ IDEA 2021.3.1\jbr\bin\server\jvm.dll
0x000007fe2a1f0000 - 0x000007fe2a2ce000 	C:\Windows\system32\ADVAPI32.dll
0x000007fe1ca80000 - 0x000007fe1ca89000 	C:\Windows\SYSTEM32\WSOCK32.dll
0x000007fe265a0000 - 0x000007fe265c0000 	C:\Windows\SYSTEM32\WINMM.dll
0x000007fe238a0000 - 0x000007fe238a9000 	C:\Windows\SYSTEM32\VERSION.dll
0x000007fe2b0d0000 - 0x000007fe2b0d7000 	C:\Windows\system32\PSAPI.DLL
0x000007fe2a2e0000 - 0x000007fe2a328000 	C:\Windows\SYSTEM32\sechost.dll
0x000007fe2a800000 - 0x000007fe2a945000 	C:\Windows\system32\RPCRT4.dll
0x000007fe2b070000 - 0x000007fe2b0c8000 	C:\Windows\system32\WS2_32.dll
0x000007fe26030000 - 0x000007fe26063000 	C:\Windows\SYSTEM32\WINMMBASE.dll
0x000007fe2a2d0000 - 0x000007fe2a2d9000 	C:\Windows\system32\NSI.dll
0x000007fe29be0000 - 0x000007fe29c2f000 	C:\Windows\SYSTEM32\cfgmgr32.dll
0x000007fe29d30000 - 0x000007fe29d52000 	C:\Windows\system32\DEVOBJ.dll
0x000007fe265c0000 - 0x000007fe265d1000 	D:\IntelliJ IDEA 2021.3.1\jbr\bin\verify.dll
0x000007fe1cb70000 - 0x000007fe1ccd3000 	C:\Windows\SYSTEM32\DBGHELP.DLL
0x000007fe24970000 - 0x000007fe24999000 	D:\IntelliJ IDEA 2021.3.1\jbr\bin\java.dll
0x000007fe26570000 - 0x000007fe2657b000 	D:\IntelliJ IDEA 2021.3.1\jbr\bin\jimage.dll
0x000007fe26010000 - 0x000007fe26028000 	D:\IntelliJ IDEA 2021.3.1\jbr\bin\zip.dll
0x000007fe2b6c0000 - 0x000007fe2c9a5000 	C:\Windows\system32\SHELL32.dll
0x000007fe2b440000 - 0x000007fe2b5f0000 	C:\Windows\SYSTEM32\combase.dll
0x000007fe2a3e0000 - 0x000007fe2a430000 	C:\Windows\system32\SHLWAPI.dll
0x000007fe27f20000 - 0x000007fe27fb6000 	C:\Windows\SYSTEM32\SHCORE.dll
0x000007fe298b0000 - 0x000007fe298c5000 	C:\Windows\system32\profapi.dll
0x000007fe25830000 - 0x000007fe2584a000 	D:\IntelliJ IDEA 2021.3.1\jbr\bin\net.dll
0x000007fe237e0000 - 0x000007fe23891000 	C:\Windows\SYSTEM32\WINHTTP.dll
0x000007fe29070000 - 0x000007fe290cc000 	C:\Windows\system32\mswsock.dll
0x000007fe24ff0000 - 0x000007fe25004000 	D:\IntelliJ IDEA 2021.3.1\jbr\bin\nio.dll

dbghelp: loaded successfully - version: 4.0.5 - missing functions: none
symbol engine: initialized successfully - sym options: 0x614 - pdb path: .;D:\IntelliJ IDEA 2021.3.1\jbr\bin;C:\Windows\SYSTEM32;C:\Windows\WinSxS\amd64_microsoft.windows.common-controls_6595b64144ccf1df_6.0.9200.17359_none_4188b989718cf1c6;D:\IntelliJ IDEA 2021.3.1\jbr\bin\server

VM Arguments:
java_command: git4idea.http.GitAskPassApp Username for 'https://github.com': 
java_class_path (initial): D:/IntelliJ IDEA 2021.3.1/plugins/git4idea/lib/git4idea-rt.jar;D:/IntelliJ IDEA 2021.3.1/lib/3rd-party.jar;D:/IntelliJ IDEA 2021.3.1/lib/3rd-party-rt.jar
Launcher Type: SUN_STANDARD

[Global flags]
     intx CICompilerCount                          = 2                                         {product} {ergonomic}
     uint ConcGCThreads                            = 1                                         {product} {ergonomic}
     uint G1ConcRefinementThreads                  = 2                                         {product} {ergonomic}
   size_t G1HeapRegionSize                         = 1048576                                   {product} {ergonomic}
    uintx GCDrainStackTargetSize                   = 64                                        {product} {ergonomic}
   size_t InitialHeapSize                          = 33554432                                  {product} {ergonomic}
   size_t MarkStackSize                            = 4194304                                   {product} {ergonomic}
   size_t MaxHeapSize                              = 509607936                                 {product} {ergonomic}
   size_t MaxNewSize                               = 305135616                                 {product} {ergonomic}
   size_t MinHeapDeltaBytes                        = 1048576                                   {product} {ergonomic}
    uintx NonNMethodCodeHeapSize                   = 5825164                                {pd product} {ergonomic}
    uintx NonProfiledCodeHeapSize                  = 122916538                              {pd product} {ergonomic}
    uintx ProfiledCodeHeapSize                     = 122916538                              {pd product} {ergonomic}
    uintx ReservedCodeCacheSize                    = 251658240                              {pd product} {ergonomic}
     bool SegmentedCodeCache                       = true                                      {product} {ergonomic}
     bool UseCompressedClassPointers               = true                                 {lp64_product} {ergonomic}
     bool UseCompressedOops                        = true                                 {lp64_product} {ergonomic}
     bool UseG1GC                                  = true                                      {product} {ergonomic}
     bool UseLargePagesIndividualAllocation        = false                                  {pd product} {ergonomic}

Logging:
Log output configuration:
 #0: stdout all=warning uptime,level,tags
 #1: stderr all=off uptime,level,tags

Environment Variables:
PATH=D:\Git\mingw64\libexec\git-core;D:\Git\mingw64\libexec\git-core;D:\Git\mingw64\bin;D:\Git\usr\bin;C:\Users\Юыќур\bin;C:\Windows\system32;C:\Windows;C:\Windows\System32\Wbem;C:\Windows\System32\WindowsPowerShell\v1.0;D:\Git\cmd
USERNAME=Юыќур
DISPLAY=:0.0
LC_ALL=en_US.UTF-8
OS=Windows_NT
PROCESSOR_IDENTIFIER=Intel64 Family 6 Model 42 Stepping 7, GenuineIntel



---------------  S Y S T E M  ---------------

OS: Windows 8 , 64 bit Build 9200 (6.2.9200.16859)
OS uptime: 0 days 19:30 hours

CPU:total 2 (initial active 2) (2 cores per cpu, 1 threads per core) family 6 model 42 stepping 7 microcode 0x28, cmov, cx8, fxsr, mmx, sse, sse2, sse3, ssse3, sse4.1, sse4.2, popcnt, clmul, tsc, tscinvbit

Memory: 4k page, system-wide physical 1943M (167M free)
TotalPageFile size 2343M (AvailPageFile size 2M)
current process WorkingSet (physical memory assigned to process): 37M, peak: 37M
current process commit charge ("private bytes"): 94M, peak: 95M

vm_info: OpenJDK 64-Bit Server VM (11.0.13+7-b1751.21) for windows-amd64 JRE (11.0.13+7-b1751.21), built on Nov 30 2021 02:32:50 by "" with MS VC++ 14.0 (VS2015)

END.
